[0.748s] Invoking command in '/home/rocky/project_ws/build/sjtu_drone_bringup': PYTHONPATH=/home/rocky/project_ws/build/sjtu_drone_bringup/prefix_override:/usr/lib/python3/dist-packages/colcon_core/task/python/colcon_distutils_commands:/home/rocky/project_ws/install/sjtu_drone_bringup/lib/python3.10/site-packages:${PYTHONPATH} /usr/bin/python3 -W ignore:setup.py install is deprecated -W ignore:easy_install command is deprecated setup.py develop --editable --build-directory /home/rocky/project_ws/build/sjtu_drone_bringup/build --no-deps symlink_data
[1.028s] running develop
[1.207s] running egg_info
[1.207s] creating sjtu_drone_bringup.egg-info
[1.208s] writing sjtu_drone_bringup.egg-info/PKG-INFO
[1.208s] writing dependency_links to sjtu_drone_bringup.egg-info/dependency_links.txt
[1.208s] writing entry points to sjtu_drone_bringup.egg-info/entry_points.txt
[1.208s] writing requirements to sjtu_drone_bringup.egg-info/requires.txt
[1.208s] writing top-level names to sjtu_drone_bringup.egg-info/top_level.txt
[1.208s] writing manifest file 'sjtu_drone_bringup.egg-info/SOURCES.txt'
[1.208s] reading manifest file 'sjtu_drone_bringup.egg-info/SOURCES.txt'
[1.209s] writing manifest file 'sjtu_drone_bringup.egg-info/SOURCES.txt'
[1.211s] running build_ext
[1.211s] Creating /home/rocky/project_ws/install/sjtu_drone_bringup/lib/python3.10/site-packages/sjtu-drone-bringup.egg-link (link to .)
[1.212s] Installing spawn_drone script to /home/rocky/project_ws/install/sjtu_drone_bringup/lib/sjtu_drone_bringup
[1.212s] 
[1.213s] Installed /home/rocky/project_ws/build/sjtu_drone_bringup
[1.213s] running symlink_data
[1.213s] creating /home/rocky/project_ws/install/sjtu_drone_bringup/share/ament_index
[1.213s] creating /home/rocky/project_ws/install/sjtu_drone_bringup/share/ament_index/resource_index
[1.213s] creating /home/rocky/project_ws/install/sjtu_drone_bringup/share/ament_index/resource_index/packages
[1.213s] symbolically linking /home/rocky/project_ws/build/sjtu_drone_bringup/resource/sjtu_drone_bringup -> /home/rocky/project_ws/install/sjtu_drone_bringup/share/ament_index/resource_index/packages
[1.213s] symbolically linking /home/rocky/project_ws/build/sjtu_drone_bringup/package.xml -> /home/rocky/project_ws/install/sjtu_drone_bringup/share/sjtu_drone_bringup
[1.214s] creating /home/rocky/project_ws/install/sjtu_drone_bringup/share/sjtu_drone_bringup/launch
[1.214s] symbolically linking /home/rocky/project_ws/build/sjtu_drone_bringup/launch/sjtu_drone_bringup.launch.py -> /home/rocky/project_ws/install/sjtu_drone_bringup/share/sjtu_drone_bringup/launch
[1.214s] symbolically linking /home/rocky/project_ws/build/sjtu_drone_bringup/launch/sjtu_drone_gazebo.launch.py -> /home/rocky/project_ws/install/sjtu_drone_bringup/share/sjtu_drone_bringup/launch
[1.214s] symbolically linking /home/rocky/project_ws/build/sjtu_drone_bringup/launch/drone.launch.py -> /home/rocky/project_ws/install/sjtu_drone_bringup/share/sjtu_drone_bringup/launch
[1.214s] creating /home/rocky/project_ws/install/sjtu_drone_bringup/share/sjtu_drone_bringup/rviz
[1.214s] symbolically linking /home/rocky/project_ws/build/sjtu_drone_bringup/rviz/rviz.rviz -> /home/rocky/project_ws/install/sjtu_drone_bringup/share/sjtu_drone_bringup/rviz
[1.214s] creating /home/rocky/project_ws/install/sjtu_drone_bringup/share/sjtu_drone_bringup/config
[1.215s] symbolically linking /home/rocky/project_ws/build/sjtu_drone_bringup/config/drone.yaml -> /home/rocky/project_ws/install/sjtu_drone_bringup/share/sjtu_drone_bringup/config
[1.251s] Invoked command in '/home/rocky/project_ws/build/sjtu_drone_bringup' returned '0': PYTHONPATH=/home/rocky/project_ws/build/sjtu_drone_bringup/prefix_override:/usr/lib/python3/dist-packages/colcon_core/task/python/colcon_distutils_commands:/home/rocky/project_ws/install/sjtu_drone_bringup/lib/python3.10/site-packages:${PYTHONPATH} /usr/bin/python3 -W ignore:setup.py install is deprecated -W ignore:easy_install command is deprecated setup.py develop --editable --build-directory /home/rocky/project_ws/build/sjtu_drone_bringup/build --no-deps symlink_data
