[0.074s] DEBUG:colcon:Command line arguments: ['/usr/bin/colcon', 'build', '--symlink-install']
[0.074s] DEBUG:colcon:Parsed command line arguments: Namespace(log_base=None, log_level=None, verb_name='build', build_base='build', install_base='install', merge_install=False, symlink_install=True, test_result_base=None, continue_on_error=False, executor='parallel', parallel_workers=20, event_handlers=None, ignore_user_meta=False, metas=['./colcon.meta'], base_paths=['.'], packages_ignore=None, packages_ignore_regex=None, paths=None, packages_up_to=None, packages_up_to_regex=None, packages_above=None, packages_above_and_dependencies=None, packages_above_depth=None, packages_select_by_dep=None, packages_skip_by_dep=None, packages_skip_up_to=None, packages_select_build_failed=False, packages_skip_build_finished=False, packages_select_test_failures=False, packages_skip_test_passed=False, packages_select=None, packages_skip=None, packages_select_regex=None, packages_skip_regex=None, packages_start=None, packages_end=None, allow_overriding=[], cmake_args=None, cmake_target=None, cmake_target_skip_unavailable=False, cmake_clean_cache=False, cmake_clean_first=False, cmake_force_configure=False, ament_cmake_args=None, catkin_cmake_args=None, catkin_skip_building_tests=False, mixin_files=None, mixin=None, verb_parser=<colcon_mixin.mixin.mixin_argument.MixinArgumentDecorator object at 0x753d68b73850>, verb_extension=<colcon_core.verb.build.BuildVerb object at 0x753d68b73280>, main=<bound method BuildVerb.main of <colcon_core.verb.build.BuildVerb object at 0x753d68b73280>>, mixin_verb=('build',))
[0.188s] Level 1:colcon.colcon_core.package_discovery:discover_packages(colcon_meta) check parameters
[0.188s] Level 1:colcon.colcon_core.package_discovery:discover_packages(recursive) check parameters
[0.188s] Level 1:colcon.colcon_core.package_discovery:discover_packages(ignore) check parameters
[0.188s] Level 1:colcon.colcon_core.package_discovery:discover_packages(path) check parameters
[0.188s] Level 1:colcon.colcon_core.package_discovery:discover_packages(colcon_meta) discover
[0.188s] Level 1:colcon.colcon_core.package_discovery:discover_packages(recursive) discover
[0.188s] INFO:colcon.colcon_core.package_discovery:Crawling recursively for packages in '/home/rocky/project_ws'
[0.188s] Level 1:colcon.colcon_core.package_identification:_identify(.) by extensions ['ignore', 'ignore_ament_install']
[0.188s] Level 1:colcon.colcon_core.package_identification:_identify(.) by extension 'ignore'
[0.188s] Level 1:colcon.colcon_core.package_identification:_identify(.) by extension 'ignore_ament_install'
[0.188s] Level 1:colcon.colcon_core.package_identification:_identify(.) by extensions ['colcon_pkg']
[0.188s] Level 1:colcon.colcon_core.package_identification:_identify(.) by extension 'colcon_pkg'
[0.188s] Level 1:colcon.colcon_core.package_identification:_identify(.) by extensions ['colcon_meta']
[0.188s] Level 1:colcon.colcon_core.package_identification:_identify(.) by extension 'colcon_meta'
[0.188s] Level 1:colcon.colcon_core.package_identification:_identify(.) by extensions ['ros']
[0.188s] Level 1:colcon.colcon_core.package_identification:_identify(.) by extension 'ros'
[0.201s] Level 1:colcon.colcon_core.package_identification:_identify(.) by extensions ['cmake', 'python']
[0.202s] Level 1:colcon.colcon_core.package_identification:_identify(.) by extension 'cmake'
[0.202s] Level 1:colcon.colcon_core.package_identification:_identify(.) by extension 'python'
[0.202s] Level 1:colcon.colcon_core.package_identification:_identify(.) by extensions ['python_setup_py']
[0.202s] Level 1:colcon.colcon_core.package_identification:_identify(.) by extension 'python_setup_py'
[0.202s] Level 1:colcon.colcon_core.package_identification:_identify(build) by extensions ['ignore', 'ignore_ament_install']
[0.202s] Level 1:colcon.colcon_core.package_identification:_identify(build) by extension 'ignore'
[0.202s] Level 1:colcon.colcon_core.package_identification:_identify(build) ignored
[0.202s] Level 1:colcon.colcon_core.package_identification:_identify(install) by extensions ['ignore', 'ignore_ament_install']
[0.202s] Level 1:colcon.colcon_core.package_identification:_identify(install) by extension 'ignore'
[0.202s] Level 1:colcon.colcon_core.package_identification:_identify(install) ignored
[0.202s] Level 1:colcon.colcon_core.package_identification:_identify(log) by extensions ['ignore', 'ignore_ament_install']
[0.202s] Level 1:colcon.colcon_core.package_identification:_identify(log) by extension 'ignore'
[0.202s] Level 1:colcon.colcon_core.package_identification:_identify(log) ignored
[0.202s] Level 1:colcon.colcon_core.package_identification:_identify(src) by extensions ['ignore', 'ignore_ament_install']
[0.202s] Level 1:colcon.colcon_core.package_identification:_identify(src) by extension 'ignore'
[0.202s] Level 1:colcon.colcon_core.package_identification:_identify(src) by extension 'ignore_ament_install'
[0.202s] Level 1:colcon.colcon_core.package_identification:_identify(src) by extensions ['colcon_pkg']
[0.202s] Level 1:colcon.colcon_core.package_identification:_identify(src) by extension 'colcon_pkg'
[0.202s] Level 1:colcon.colcon_core.package_identification:_identify(src) by extensions ['colcon_meta']
[0.202s] Level 1:colcon.colcon_core.package_identification:_identify(src) by extension 'colcon_meta'
[0.202s] Level 1:colcon.colcon_core.package_identification:_identify(src) by extensions ['ros']
[0.202s] Level 1:colcon.colcon_core.package_identification:_identify(src) by extension 'ros'
[0.202s] Level 1:colcon.colcon_core.package_identification:_identify(src) by extensions ['cmake', 'python']
[0.202s] Level 1:colcon.colcon_core.package_identification:_identify(src) by extension 'cmake'
[0.202s] Level 1:colcon.colcon_core.package_identification:_identify(src) by extension 'python'
[0.202s] Level 1:colcon.colcon_core.package_identification:_identify(src) by extensions ['python_setup_py']
[0.202s] Level 1:colcon.colcon_core.package_identification:_identify(src) by extension 'python_setup_py'
[0.202s] Level 1:colcon.colcon_core.package_identification:_identify(src/sjtu_drone) by extensions ['ignore', 'ignore_ament_install']
[0.203s] Level 1:colcon.colcon_core.package_identification:_identify(src/sjtu_drone) by extension 'ignore'
[0.203s] Level 1:colcon.colcon_core.package_identification:_identify(src/sjtu_drone) by extension 'ignore_ament_install'
[0.203s] Level 1:colcon.colcon_core.package_identification:_identify(src/sjtu_drone) by extensions ['colcon_pkg']
[0.203s] Level 1:colcon.colcon_core.package_identification:_identify(src/sjtu_drone) by extension 'colcon_pkg'
[0.203s] Level 1:colcon.colcon_core.package_identification:_identify(src/sjtu_drone) by extensions ['colcon_meta']
[0.203s] Level 1:colcon.colcon_core.package_identification:_identify(src/sjtu_drone) by extension 'colcon_meta'
[0.203s] Level 1:colcon.colcon_core.package_identification:_identify(src/sjtu_drone) by extensions ['ros']
[0.203s] Level 1:colcon.colcon_core.package_identification:_identify(src/sjtu_drone) by extension 'ros'
[0.203s] Level 1:colcon.colcon_core.package_identification:_identify(src/sjtu_drone) by extensions ['cmake', 'python']
[0.203s] Level 1:colcon.colcon_core.package_identification:_identify(src/sjtu_drone) by extension 'cmake'
[0.203s] Level 1:colcon.colcon_core.package_identification:_identify(src/sjtu_drone) by extension 'python'
[0.203s] Level 1:colcon.colcon_core.package_identification:_identify(src/sjtu_drone) by extensions ['python_setup_py']
[0.203s] Level 1:colcon.colcon_core.package_identification:_identify(src/sjtu_drone) by extension 'python_setup_py'
[0.203s] Level 1:colcon.colcon_core.package_identification:_identify(src/sjtu_drone/imgs) by extensions ['ignore', 'ignore_ament_install']
[0.203s] Level 1:colcon.colcon_core.package_identification:_identify(src/sjtu_drone/imgs) by extension 'ignore'
[0.203s] Level 1:colcon.colcon_core.package_identification:_identify(src/sjtu_drone/imgs) by extension 'ignore_ament_install'
[0.203s] Level 1:colcon.colcon_core.package_identification:_identify(src/sjtu_drone/imgs) by extensions ['colcon_pkg']
[0.203s] Level 1:colcon.colcon_core.package_identification:_identify(src/sjtu_drone/imgs) by extension 'colcon_pkg'
[0.203s] Level 1:colcon.colcon_core.package_identification:_identify(src/sjtu_drone/imgs) by extensions ['colcon_meta']
[0.203s] Level 1:colcon.colcon_core.package_identification:_identify(src/sjtu_drone/imgs) by extension 'colcon_meta'
[0.203s] Level 1:colcon.colcon_core.package_identification:_identify(src/sjtu_drone/imgs) by extensions ['ros']
[0.203s] Level 1:colcon.colcon_core.package_identification:_identify(src/sjtu_drone/imgs) by extension 'ros'
[0.203s] Level 1:colcon.colcon_core.package_identification:_identify(src/sjtu_drone/imgs) by extensions ['cmake', 'python']
[0.203s] Level 1:colcon.colcon_core.package_identification:_identify(src/sjtu_drone/imgs) by extension 'cmake'
[0.203s] Level 1:colcon.colcon_core.package_identification:_identify(src/sjtu_drone/imgs) by extension 'python'
[0.203s] Level 1:colcon.colcon_core.package_identification:_identify(src/sjtu_drone/imgs) by extensions ['python_setup_py']
[0.203s] Level 1:colcon.colcon_core.package_identification:_identify(src/sjtu_drone/imgs) by extension 'python_setup_py'
[0.203s] Level 1:colcon.colcon_core.package_identification:_identify(src/sjtu_drone/sjtu_drone_bringup) by extensions ['ignore', 'ignore_ament_install']
[0.203s] Level 1:colcon.colcon_core.package_identification:_identify(src/sjtu_drone/sjtu_drone_bringup) by extension 'ignore'
[0.203s] Level 1:colcon.colcon_core.package_identification:_identify(src/sjtu_drone/sjtu_drone_bringup) by extension 'ignore_ament_install'
[0.203s] Level 1:colcon.colcon_core.package_identification:_identify(src/sjtu_drone/sjtu_drone_bringup) by extensions ['colcon_pkg']
[0.203s] Level 1:colcon.colcon_core.package_identification:_identify(src/sjtu_drone/sjtu_drone_bringup) by extension 'colcon_pkg'
[0.203s] Level 1:colcon.colcon_core.package_identification:_identify(src/sjtu_drone/sjtu_drone_bringup) by extensions ['colcon_meta']
[0.203s] Level 1:colcon.colcon_core.package_identification:_identify(src/sjtu_drone/sjtu_drone_bringup) by extension 'colcon_meta'
[0.203s] Level 1:colcon.colcon_core.package_identification:_identify(src/sjtu_drone/sjtu_drone_bringup) by extensions ['ros']
[0.203s] Level 1:colcon.colcon_core.package_identification:_identify(src/sjtu_drone/sjtu_drone_bringup) by extension 'ros'
[0.205s] DEBUG:colcon.colcon_core.package_identification:Package 'src/sjtu_drone/sjtu_drone_bringup' with type 'ros.ament_python' and name 'sjtu_drone_bringup'
[0.205s] Level 1:colcon.colcon_core.package_identification:_identify(src/sjtu_drone/sjtu_drone_control) by extensions ['ignore', 'ignore_ament_install']
[0.205s] Level 1:colcon.colcon_core.package_identification:_identify(src/sjtu_drone/sjtu_drone_control) by extension 'ignore'
[0.206s] Level 1:colcon.colcon_core.package_identification:_identify(src/sjtu_drone/sjtu_drone_control) by extension 'ignore_ament_install'
[0.206s] Level 1:colcon.colcon_core.package_identification:_identify(src/sjtu_drone/sjtu_drone_control) by extensions ['colcon_pkg']
[0.206s] Level 1:colcon.colcon_core.package_identification:_identify(src/sjtu_drone/sjtu_drone_control) by extension 'colcon_pkg'
[0.206s] Level 1:colcon.colcon_core.package_identification:_identify(src/sjtu_drone/sjtu_drone_control) by extensions ['colcon_meta']
[0.206s] Level 1:colcon.colcon_core.package_identification:_identify(src/sjtu_drone/sjtu_drone_control) by extension 'colcon_meta'
[0.206s] Level 1:colcon.colcon_core.package_identification:_identify(src/sjtu_drone/sjtu_drone_control) by extensions ['ros']
[0.206s] Level 1:colcon.colcon_core.package_identification:_identify(src/sjtu_drone/sjtu_drone_control) by extension 'ros'
[0.206s] DEBUG:colcon.colcon_core.package_identification:Package 'src/sjtu_drone/sjtu_drone_control' with type 'ros.ament_python' and name 'sjtu_drone_control'
[0.206s] Level 1:colcon.colcon_core.package_identification:_identify(src/sjtu_drone/sjtu_drone_description) by extensions ['ignore', 'ignore_ament_install']
[0.206s] Level 1:colcon.colcon_core.package_identification:_identify(src/sjtu_drone/sjtu_drone_description) by extension 'ignore'
[0.206s] Level 1:colcon.colcon_core.package_identification:_identify(src/sjtu_drone/sjtu_drone_description) by extension 'ignore_ament_install'
[0.206s] Level 1:colcon.colcon_core.package_identification:_identify(src/sjtu_drone/sjtu_drone_description) by extensions ['colcon_pkg']
[0.207s] Level 1:colcon.colcon_core.package_identification:_identify(src/sjtu_drone/sjtu_drone_description) by extension 'colcon_pkg'
[0.207s] Level 1:colcon.colcon_core.package_identification:_identify(src/sjtu_drone/sjtu_drone_description) by extensions ['colcon_meta']
[0.207s] Level 1:colcon.colcon_core.package_identification:_identify(src/sjtu_drone/sjtu_drone_description) by extension 'colcon_meta'
[0.207s] Level 1:colcon.colcon_core.package_identification:_identify(src/sjtu_drone/sjtu_drone_description) by extensions ['ros']
[0.207s] Level 1:colcon.colcon_core.package_identification:_identify(src/sjtu_drone/sjtu_drone_description) by extension 'ros'
[0.207s] DEBUG:colcon.colcon_core.package_identification:Package 'src/sjtu_drone/sjtu_drone_description' with type 'ros.ament_cmake' and name 'sjtu_drone_description'
[0.207s] Level 1:colcon.colcon_core.package_discovery:discover_packages(recursive) using defaults
[0.207s] Level 1:colcon.colcon_core.package_discovery:discover_packages(ignore) discover
[0.207s] Level 1:colcon.colcon_core.package_discovery:discover_packages(ignore) using defaults
[0.207s] Level 1:colcon.colcon_core.package_discovery:discover_packages(path) discover
[0.207s] Level 1:colcon.colcon_core.package_discovery:discover_packages(path) using defaults
[0.221s] Level 1:colcon.colcon_core.package_discovery:discover_packages(prefix_path) check parameters
[0.221s] Level 1:colcon.colcon_core.package_discovery:discover_packages(prefix_path) discover
[0.222s] WARNING:colcon.colcon_ros.prefix_path.ament:The path '/home/rocky/project_ws/install/sjtu_drone_control' in the environment variable AMENT_PREFIX_PATH doesn't exist
[0.222s] WARNING:colcon.colcon_ros.prefix_path.ament:The path '/home/rocky/project_ws/install/sjtu_drone_bringup' in the environment variable AMENT_PREFIX_PATH doesn't exist
[0.222s] WARNING:colcon.colcon_ros.prefix_path.catkin:The path '/home/rocky/project_ws/install/sjtu_drone_description' in the environment variable CMAKE_PREFIX_PATH doesn't exist
[0.222s] DEBUG:colcon.colcon_installed_package_information.package_discovery:Found 0 installed packages in /home/rocky/project_ws/install
[0.223s] DEBUG:colcon.colcon_installed_package_information.package_discovery:Found 310 installed packages in /opt/ros/humble
[0.224s] Level 1:colcon.colcon_core.package_discovery:discover_packages(prefix_path) using defaults
[0.249s] Level 5:colcon.colcon_core.verb:set package 'sjtu_drone_bringup' build argument 'cmake_args' from command line to 'None'
[0.249s] Level 5:colcon.colcon_core.verb:set package 'sjtu_drone_bringup' build argument 'cmake_target' from command line to 'None'
[0.249s] Level 5:colcon.colcon_core.verb:set package 'sjtu_drone_bringup' build argument 'cmake_target_skip_unavailable' from command line to 'False'
[0.249s] Level 5:colcon.colcon_core.verb:set package 'sjtu_drone_bringup' build argument 'cmake_clean_cache' from command line to 'False'
[0.249s] Level 5:colcon.colcon_core.verb:set package 'sjtu_drone_bringup' build argument 'cmake_clean_first' from command line to 'False'
[0.249s] Level 5:colcon.colcon_core.verb:set package 'sjtu_drone_bringup' build argument 'cmake_force_configure' from command line to 'False'
[0.249s] Level 5:colcon.colcon_core.verb:set package 'sjtu_drone_bringup' build argument 'ament_cmake_args' from command line to 'None'
[0.249s] Level 5:colcon.colcon_core.verb:set package 'sjtu_drone_bringup' build argument 'catkin_cmake_args' from command line to 'None'
[0.249s] Level 5:colcon.colcon_core.verb:set package 'sjtu_drone_bringup' build argument 'catkin_skip_building_tests' from command line to 'False'
[0.250s] DEBUG:colcon.colcon_core.verb:Building package 'sjtu_drone_bringup' with the following arguments: {'ament_cmake_args': None, 'build_base': '/home/rocky/project_ws/build/sjtu_drone_bringup', 'catkin_cmake_args': None, 'catkin_skip_building_tests': False, 'cmake_args': None, 'cmake_clean_cache': False, 'cmake_clean_first': False, 'cmake_force_configure': False, 'cmake_target': None, 'cmake_target_skip_unavailable': False, 'install_base': '/home/rocky/project_ws/install/sjtu_drone_bringup', 'merge_install': False, 'path': '/home/rocky/project_ws/src/sjtu_drone/sjtu_drone_bringup', 'symlink_install': True, 'test_result_base': None}
[0.250s] Level 5:colcon.colcon_core.verb:set package 'sjtu_drone_control' build argument 'cmake_args' from command line to 'None'
[0.250s] Level 5:colcon.colcon_core.verb:set package 'sjtu_drone_control' build argument 'cmake_target' from command line to 'None'
[0.250s] Level 5:colcon.colcon_core.verb:set package 'sjtu_drone_control' build argument 'cmake_target_skip_unavailable' from command line to 'False'
[0.250s] Level 5:colcon.colcon_core.verb:set package 'sjtu_drone_control' build argument 'cmake_clean_cache' from command line to 'False'
[0.250s] Level 5:colcon.colcon_core.verb:set package 'sjtu_drone_control' build argument 'cmake_clean_first' from command line to 'False'
[0.250s] Level 5:colcon.colcon_core.verb:set package 'sjtu_drone_control' build argument 'cmake_force_configure' from command line to 'False'
[0.250s] Level 5:colcon.colcon_core.verb:set package 'sjtu_drone_control' build argument 'ament_cmake_args' from command line to 'None'
[0.250s] Level 5:colcon.colcon_core.verb:set package 'sjtu_drone_control' build argument 'catkin_cmake_args' from command line to 'None'
[0.250s] Level 5:colcon.colcon_core.verb:set package 'sjtu_drone_control' build argument 'catkin_skip_building_tests' from command line to 'False'
[0.250s] DEBUG:colcon.colcon_core.verb:Building package 'sjtu_drone_control' with the following arguments: {'ament_cmake_args': None, 'build_base': '/home/rocky/project_ws/build/sjtu_drone_control', 'catkin_cmake_args': None, 'catkin_skip_building_tests': False, 'cmake_args': None, 'cmake_clean_cache': False, 'cmake_clean_first': False, 'cmake_force_configure': False, 'cmake_target': None, 'cmake_target_skip_unavailable': False, 'install_base': '/home/rocky/project_ws/install/sjtu_drone_control', 'merge_install': False, 'path': '/home/rocky/project_ws/src/sjtu_drone/sjtu_drone_control', 'symlink_install': True, 'test_result_base': None}
[0.250s] Level 5:colcon.colcon_core.verb:set package 'sjtu_drone_description' build argument 'cmake_args' from command line to 'None'
[0.250s] Level 5:colcon.colcon_core.verb:set package 'sjtu_drone_description' build argument 'cmake_target' from command line to 'None'
[0.250s] Level 5:colcon.colcon_core.verb:set package 'sjtu_drone_description' build argument 'cmake_target_skip_unavailable' from command line to 'False'
[0.250s] Level 5:colcon.colcon_core.verb:set package 'sjtu_drone_description' build argument 'cmake_clean_cache' from command line to 'False'
[0.250s] Level 5:colcon.colcon_core.verb:set package 'sjtu_drone_description' build argument 'cmake_clean_first' from command line to 'False'
[0.250s] Level 5:colcon.colcon_core.verb:set package 'sjtu_drone_description' build argument 'cmake_force_configure' from command line to 'False'
[0.250s] Level 5:colcon.colcon_core.verb:set package 'sjtu_drone_description' build argument 'ament_cmake_args' from command line to 'None'
[0.250s] Level 5:colcon.colcon_core.verb:set package 'sjtu_drone_description' build argument 'catkin_cmake_args' from command line to 'None'
[0.250s] Level 5:colcon.colcon_core.verb:set package 'sjtu_drone_description' build argument 'catkin_skip_building_tests' from command line to 'False'
[0.250s] DEBUG:colcon.colcon_core.verb:Building package 'sjtu_drone_description' with the following arguments: {'ament_cmake_args': None, 'build_base': '/home/rocky/project_ws/build/sjtu_drone_description', 'catkin_cmake_args': None, 'catkin_skip_building_tests': False, 'cmake_args': None, 'cmake_clean_cache': False, 'cmake_clean_first': False, 'cmake_force_configure': False, 'cmake_target': None, 'cmake_target_skip_unavailable': False, 'install_base': '/home/rocky/project_ws/install/sjtu_drone_description', 'merge_install': False, 'path': '/home/rocky/project_ws/src/sjtu_drone/sjtu_drone_description', 'symlink_install': True, 'test_result_base': None}
[0.250s] INFO:colcon.colcon_core.executor:Executing jobs using 'parallel' executor
[0.251s] DEBUG:colcon.colcon_parallel_executor.executor.parallel:run_until_complete
[0.251s] INFO:colcon.colcon_ros.task.ament_python.build:Building ROS package in '/home/rocky/project_ws/src/sjtu_drone/sjtu_drone_bringup' with build type 'ament_python'
[0.252s] Level 1:colcon.colcon_core.shell:create_environment_hook('sjtu_drone_bringup', 'ament_prefix_path')
[0.253s] INFO:colcon.colcon_core.plugin_system:Skipping extension 'colcon_core.shell.bat': Not used on non-Windows systems
[0.253s] INFO:colcon.colcon_core.shell:Creating environment hook '/home/rocky/project_ws/install/sjtu_drone_bringup/share/sjtu_drone_bringup/hook/ament_prefix_path.ps1'
[0.254s] INFO:colcon.colcon_core.shell:Creating environment descriptor '/home/rocky/project_ws/install/sjtu_drone_bringup/share/sjtu_drone_bringup/hook/ament_prefix_path.dsv'
[0.255s] INFO:colcon.colcon_core.shell:Creating environment hook '/home/rocky/project_ws/install/sjtu_drone_bringup/share/sjtu_drone_bringup/hook/ament_prefix_path.sh'
[0.255s] INFO:colcon.colcon_core.shell:Skip shell extension 'powershell' for command environment: Not usable outside of PowerShell
[0.255s] DEBUG:colcon.colcon_core.shell:Skip shell extension 'dsv' for command environment
[0.257s] INFO:colcon.colcon_ros.task.ament_python.build:Building ROS package in '/home/rocky/project_ws/src/sjtu_drone/sjtu_drone_control' with build type 'ament_python'
[0.258s] Level 1:colcon.colcon_core.shell:create_environment_hook('sjtu_drone_control', 'ament_prefix_path')
[0.258s] INFO:colcon.colcon_core.shell:Creating environment hook '/home/rocky/project_ws/install/sjtu_drone_control/share/sjtu_drone_control/hook/ament_prefix_path.ps1'
[0.259s] INFO:colcon.colcon_core.shell:Creating environment descriptor '/home/rocky/project_ws/install/sjtu_drone_control/share/sjtu_drone_control/hook/ament_prefix_path.dsv'
[0.259s] INFO:colcon.colcon_core.shell:Creating environment hook '/home/rocky/project_ws/install/sjtu_drone_control/share/sjtu_drone_control/hook/ament_prefix_path.sh'
[0.259s] INFO:colcon.colcon_core.shell:Skip shell extension 'powershell' for command environment: Not usable outside of PowerShell
[0.259s] DEBUG:colcon.colcon_core.shell:Skip shell extension 'dsv' for command environment
[0.262s] INFO:colcon.colcon_ros.task.ament_cmake.build:Building ROS package in '/home/rocky/project_ws/src/sjtu_drone/sjtu_drone_description' with build type 'ament_cmake'
[0.262s] INFO:colcon.colcon_cmake.task.cmake.build:Building CMake package in '/home/rocky/project_ws/src/sjtu_drone/sjtu_drone_description'
[0.262s] INFO:colcon.colcon_core.shell:Skip shell extension 'powershell' for command environment: Not usable outside of PowerShell
[0.262s] DEBUG:colcon.colcon_core.shell:Skip shell extension 'dsv' for command environment
[0.457s] INFO:colcon.colcon_core.task.python.build:Building Python package in '/home/rocky/project_ws/src/sjtu_drone/sjtu_drone_bringup'
[0.457s] INFO:colcon.colcon_core.shell:Skip shell extension 'powershell' for command environment: Not usable outside of PowerShell
[0.457s] DEBUG:colcon.colcon_core.shell:Skip shell extension 'dsv' for command environment
[0.633s] INFO:colcon.colcon_core.task.python.build:Building Python package in '/home/rocky/project_ws/src/sjtu_drone/sjtu_drone_control'
[0.633s] INFO:colcon.colcon_core.shell:Skip shell extension 'powershell' for command environment: Not usable outside of PowerShell
[0.633s] DEBUG:colcon.colcon_core.shell:Skip shell extension 'dsv' for command environment
[0.640s] DEBUG:colcon.colcon_core.event_handler.log_command:Invoking command in '/home/rocky/project_ws/build/sjtu_drone_description': CMAKE_PREFIX_PATH=${CMAKE_PREFIX_PATH}:/home/rocky/project_ws/install/sjtu_drone_control:/home/rocky/project_ws/install/sjtu_drone_bringup:/opt/ros/humble /usr/bin/cmake /home/rocky/project_ws/src/sjtu_drone/sjtu_drone_description -DAMENT_CMAKE_SYMLINK_INSTALL=1 -DCMAKE_INSTALL_PREFIX=/home/rocky/project_ws/install/sjtu_drone_description
[1.001s] DEBUG:colcon.colcon_core.event_handler.log_command:Invoking command in '/home/rocky/project_ws/build/sjtu_drone_bringup': PYTHONPATH=/home/rocky/project_ws/build/sjtu_drone_bringup/prefix_override:/usr/lib/python3/dist-packages/colcon_core/task/python/colcon_distutils_commands:/home/rocky/project_ws/install/sjtu_drone_bringup/lib/python3.10/site-packages:${PYTHONPATH} /usr/bin/python3 -W ignore:setup.py install is deprecated -W ignore:easy_install command is deprecated setup.py develop --editable --build-directory /home/rocky/project_ws/build/sjtu_drone_bringup/build --no-deps symlink_data
[1.002s] DEBUG:colcon.colcon_core.event_handler.log_command:Invoking command in '/home/rocky/project_ws/build/sjtu_drone_control': PYTHONPATH=/home/rocky/project_ws/build/sjtu_drone_control/prefix_override:/usr/lib/python3/dist-packages/colcon_core/task/python/colcon_distutils_commands:/home/rocky/project_ws/install/sjtu_drone_control/lib/python3.10/site-packages:${PYTHONPATH} /usr/bin/python3 -W ignore:setup.py install is deprecated -W ignore:easy_install command is deprecated setup.py develop --editable --build-directory /home/rocky/project_ws/build/sjtu_drone_control/build --no-deps symlink_data
[1.488s] Level 1:colcon.colcon_core.shell:create_environment_hook('sjtu_drone_control', 'pythonpath_develop')
[1.489s] INFO:colcon.colcon_core.shell:Creating environment hook '/home/rocky/project_ws/build/sjtu_drone_control/share/sjtu_drone_control/hook/pythonpath_develop.ps1'
[1.490s] DEBUG:colcon.colcon_core.event_handler.log_command:Invoked command in '/home/rocky/project_ws/build/sjtu_drone_control' returned '0': PYTHONPATH=/home/rocky/project_ws/build/sjtu_drone_control/prefix_override:/usr/lib/python3/dist-packages/colcon_core/task/python/colcon_distutils_commands:/home/rocky/project_ws/install/sjtu_drone_control/lib/python3.10/site-packages:${PYTHONPATH} /usr/bin/python3 -W ignore:setup.py install is deprecated -W ignore:easy_install command is deprecated setup.py develop --editable --build-directory /home/rocky/project_ws/build/sjtu_drone_control/build --no-deps symlink_data
[1.490s] INFO:colcon.colcon_core.shell:Creating environment descriptor '/home/rocky/project_ws/build/sjtu_drone_control/share/sjtu_drone_control/hook/pythonpath_develop.dsv'
[1.491s] INFO:colcon.colcon_core.shell:Creating environment hook '/home/rocky/project_ws/build/sjtu_drone_control/share/sjtu_drone_control/hook/pythonpath_develop.sh'
[1.495s] Level 1:colcon.colcon_core.environment:checking '/home/rocky/project_ws/install/sjtu_drone_control' for CMake module files
[1.495s] Level 1:colcon.colcon_core.environment:checking '/home/rocky/project_ws/install/sjtu_drone_control' for CMake config files
[1.496s] Level 1:colcon.colcon_core.environment:checking '/home/rocky/project_ws/install/sjtu_drone_control/lib'
[1.496s] Level 1:colcon.colcon_core.environment:checking '/home/rocky/project_ws/install/sjtu_drone_control/bin'
[1.496s] Level 1:colcon.colcon_core.environment:checking '/home/rocky/project_ws/install/sjtu_drone_control/lib/pkgconfig/sjtu_drone_control.pc'
[1.496s] Level 1:colcon.colcon_core.environment:checking '/home/rocky/project_ws/install/sjtu_drone_control/lib/python3.10/site-packages'
[1.496s] Level 1:colcon.colcon_core.shell:create_environment_hook('sjtu_drone_control', 'pythonpath')
[1.496s] INFO:colcon.colcon_core.shell:Creating environment hook '/home/rocky/project_ws/install/sjtu_drone_control/share/sjtu_drone_control/hook/pythonpath.ps1'
[1.497s] INFO:colcon.colcon_core.shell:Creating environment descriptor '/home/rocky/project_ws/install/sjtu_drone_control/share/sjtu_drone_control/hook/pythonpath.dsv'
[1.497s] INFO:colcon.colcon_core.shell:Creating environment hook '/home/rocky/project_ws/install/sjtu_drone_control/share/sjtu_drone_control/hook/pythonpath.sh'
[1.497s] Level 1:colcon.colcon_core.environment:checking '/home/rocky/project_ws/install/sjtu_drone_control/bin'
[1.498s] Level 1:colcon.colcon_core.environment:create_environment_scripts_only(sjtu_drone_control)
[1.498s] INFO:colcon.colcon_core.shell:Creating package script '/home/rocky/project_ws/install/sjtu_drone_control/share/sjtu_drone_control/package.ps1'
[1.498s] INFO:colcon.colcon_core.shell:Creating package descriptor '/home/rocky/project_ws/install/sjtu_drone_control/share/sjtu_drone_control/package.dsv'
[1.499s] INFO:colcon.colcon_core.shell:Creating package script '/home/rocky/project_ws/install/sjtu_drone_control/share/sjtu_drone_control/package.sh'
[1.499s] INFO:colcon.colcon_core.shell:Creating package script '/home/rocky/project_ws/install/sjtu_drone_control/share/sjtu_drone_control/package.bash'
[1.500s] INFO:colcon.colcon_core.shell:Creating package script '/home/rocky/project_ws/install/sjtu_drone_control/share/sjtu_drone_control/package.zsh'
[1.501s] Level 1:colcon.colcon_core.environment:create_file_with_runtime_dependencies(/home/rocky/project_ws/install/sjtu_drone_control/share/colcon-core/packages/sjtu_drone_control)
[1.502s] Level 1:colcon.colcon_core.shell:create_environment_hook('sjtu_drone_bringup', 'pythonpath_develop')
[1.502s] INFO:colcon.colcon_core.shell:Creating environment hook '/home/rocky/project_ws/build/sjtu_drone_bringup/share/sjtu_drone_bringup/hook/pythonpath_develop.ps1'
[1.503s] INFO:colcon.colcon_core.shell:Creating environment descriptor '/home/rocky/project_ws/build/sjtu_drone_bringup/share/sjtu_drone_bringup/hook/pythonpath_develop.dsv'
[1.503s] DEBUG:colcon.colcon_core.event_handler.log_command:Invoked command in '/home/rocky/project_ws/build/sjtu_drone_bringup' returned '0': PYTHONPATH=/home/rocky/project_ws/build/sjtu_drone_bringup/prefix_override:/usr/lib/python3/dist-packages/colcon_core/task/python/colcon_distutils_commands:/home/rocky/project_ws/install/sjtu_drone_bringup/lib/python3.10/site-packages:${PYTHONPATH} /usr/bin/python3 -W ignore:setup.py install is deprecated -W ignore:easy_install command is deprecated setup.py develop --editable --build-directory /home/rocky/project_ws/build/sjtu_drone_bringup/build --no-deps symlink_data
[1.503s] INFO:colcon.colcon_core.shell:Creating environment hook '/home/rocky/project_ws/build/sjtu_drone_bringup/share/sjtu_drone_bringup/hook/pythonpath_develop.sh'
[1.504s] Level 1:colcon.colcon_core.environment:checking '/home/rocky/project_ws/install/sjtu_drone_bringup' for CMake module files
[1.504s] Level 1:colcon.colcon_core.environment:checking '/home/rocky/project_ws/install/sjtu_drone_bringup' for CMake config files
[1.505s] Level 1:colcon.colcon_core.environment:checking '/home/rocky/project_ws/install/sjtu_drone_bringup/lib'
[1.505s] Level 1:colcon.colcon_core.environment:checking '/home/rocky/project_ws/install/sjtu_drone_bringup/bin'
[1.505s] Level 1:colcon.colcon_core.environment:checking '/home/rocky/project_ws/install/sjtu_drone_bringup/lib/pkgconfig/sjtu_drone_bringup.pc'
[1.505s] Level 1:colcon.colcon_core.environment:checking '/home/rocky/project_ws/install/sjtu_drone_bringup/lib/python3.10/site-packages'
[1.505s] Level 1:colcon.colcon_core.shell:create_environment_hook('sjtu_drone_bringup', 'pythonpath')
[1.505s] INFO:colcon.colcon_core.shell:Creating environment hook '/home/rocky/project_ws/install/sjtu_drone_bringup/share/sjtu_drone_bringup/hook/pythonpath.ps1'
[1.505s] INFO:colcon.colcon_core.shell:Creating environment descriptor '/home/rocky/project_ws/install/sjtu_drone_bringup/share/sjtu_drone_bringup/hook/pythonpath.dsv'
[1.506s] INFO:colcon.colcon_core.shell:Creating environment hook '/home/rocky/project_ws/install/sjtu_drone_bringup/share/sjtu_drone_bringup/hook/pythonpath.sh'
[1.506s] Level 1:colcon.colcon_core.environment:checking '/home/rocky/project_ws/install/sjtu_drone_bringup/bin'
[1.506s] Level 1:colcon.colcon_core.environment:create_environment_scripts_only(sjtu_drone_bringup)
[1.506s] INFO:colcon.colcon_core.shell:Creating package script '/home/rocky/project_ws/install/sjtu_drone_bringup/share/sjtu_drone_bringup/package.ps1'
[1.507s] INFO:colcon.colcon_core.shell:Creating package descriptor '/home/rocky/project_ws/install/sjtu_drone_bringup/share/sjtu_drone_bringup/package.dsv'
[1.507s] INFO:colcon.colcon_core.shell:Creating package script '/home/rocky/project_ws/install/sjtu_drone_bringup/share/sjtu_drone_bringup/package.sh'
[1.507s] INFO:colcon.colcon_core.shell:Creating package script '/home/rocky/project_ws/install/sjtu_drone_bringup/share/sjtu_drone_bringup/package.bash'
[1.508s] INFO:colcon.colcon_core.shell:Creating package script '/home/rocky/project_ws/install/sjtu_drone_bringup/share/sjtu_drone_bringup/package.zsh'
[1.508s] Level 1:colcon.colcon_core.environment:create_file_with_runtime_dependencies(/home/rocky/project_ws/install/sjtu_drone_bringup/share/colcon-core/packages/sjtu_drone_bringup)
[3.066s] DEBUG:colcon.colcon_core.event_handler.log_command:Invoked command in '/home/rocky/project_ws/build/sjtu_drone_description' returned '0': CMAKE_PREFIX_PATH=${CMAKE_PREFIX_PATH}:/home/rocky/project_ws/install/sjtu_drone_control:/home/rocky/project_ws/install/sjtu_drone_bringup:/opt/ros/humble /usr/bin/cmake /home/rocky/project_ws/src/sjtu_drone/sjtu_drone_description -DAMENT_CMAKE_SYMLINK_INSTALL=1 -DCMAKE_INSTALL_PREFIX=/home/rocky/project_ws/install/sjtu_drone_description
[3.069s] DEBUG:colcon.colcon_core.event_handler.log_command:Invoking command in '/home/rocky/project_ws/build/sjtu_drone_description': CMAKE_PREFIX_PATH=${CMAKE_PREFIX_PATH}:/home/rocky/project_ws/install/sjtu_drone_control:/home/rocky/project_ws/install/sjtu_drone_bringup:/opt/ros/humble /usr/bin/cmake --build /home/rocky/project_ws/build/sjtu_drone_description -- -j20 -l20
[28.592s] DEBUG:colcon.colcon_core.event_handler.log_command:Invoked command in '/home/rocky/project_ws/build/sjtu_drone_description' returned '0': CMAKE_PREFIX_PATH=${CMAKE_PREFIX_PATH}:/home/rocky/project_ws/install/sjtu_drone_control:/home/rocky/project_ws/install/sjtu_drone_bringup:/opt/ros/humble /usr/bin/cmake --build /home/rocky/project_ws/build/sjtu_drone_description -- -j20 -l20
[28.601s] DEBUG:colcon.colcon_core.event_handler.log_command:Invoking command in '/home/rocky/project_ws/build/sjtu_drone_description': CMAKE_PREFIX_PATH=${CMAKE_PREFIX_PATH}:/home/rocky/project_ws/install/sjtu_drone_control:/home/rocky/project_ws/install/sjtu_drone_bringup:/opt/ros/humble /usr/bin/cmake --install /home/rocky/project_ws/build/sjtu_drone_description
[28.890s] Level 1:colcon.colcon_core.environment:create_environment_scripts_only(sjtu_drone_description)
[28.890s] Level 1:colcon.colcon_core.environment:checking '/home/rocky/project_ws/install/sjtu_drone_description' for CMake module files
[28.891s] DEBUG:colcon.colcon_core.event_handler.log_command:Invoked command in '/home/rocky/project_ws/build/sjtu_drone_description' returned '0': CMAKE_PREFIX_PATH=${CMAKE_PREFIX_PATH}:/home/rocky/project_ws/install/sjtu_drone_control:/home/rocky/project_ws/install/sjtu_drone_bringup:/opt/ros/humble /usr/bin/cmake --install /home/rocky/project_ws/build/sjtu_drone_description
[28.891s] Level 1:colcon.colcon_core.environment:checking '/home/rocky/project_ws/install/sjtu_drone_description' for CMake config files
[28.891s] Level 1:colcon.colcon_core.shell:create_environment_hook('sjtu_drone_description', 'cmake_prefix_path')
[28.891s] INFO:colcon.colcon_core.shell:Creating environment hook '/home/rocky/project_ws/install/sjtu_drone_description/share/sjtu_drone_description/hook/cmake_prefix_path.ps1'
[28.891s] INFO:colcon.colcon_core.shell:Creating environment descriptor '/home/rocky/project_ws/install/sjtu_drone_description/share/sjtu_drone_description/hook/cmake_prefix_path.dsv'
[28.892s] INFO:colcon.colcon_core.shell:Creating environment hook '/home/rocky/project_ws/install/sjtu_drone_description/share/sjtu_drone_description/hook/cmake_prefix_path.sh'
[28.892s] Level 1:colcon.colcon_core.environment:checking '/home/rocky/project_ws/install/sjtu_drone_description/lib'
[28.892s] Level 1:colcon.colcon_core.shell:create_environment_hook('sjtu_drone_description', 'ld_library_path_lib')
[28.892s] INFO:colcon.colcon_core.shell:Creating environment hook '/home/rocky/project_ws/install/sjtu_drone_description/share/sjtu_drone_description/hook/ld_library_path_lib.ps1'
[28.892s] INFO:colcon.colcon_core.shell:Creating environment descriptor '/home/rocky/project_ws/install/sjtu_drone_description/share/sjtu_drone_description/hook/ld_library_path_lib.dsv'
[28.892s] INFO:colcon.colcon_core.shell:Creating environment hook '/home/rocky/project_ws/install/sjtu_drone_description/share/sjtu_drone_description/hook/ld_library_path_lib.sh'
[28.893s] Level 1:colcon.colcon_core.environment:checking '/home/rocky/project_ws/install/sjtu_drone_description/bin'
[28.893s] Level 1:colcon.colcon_core.environment:checking '/home/rocky/project_ws/install/sjtu_drone_description/lib/pkgconfig/sjtu_drone_description.pc'
[28.893s] Level 1:colcon.colcon_core.environment:checking '/home/rocky/project_ws/install/sjtu_drone_description/lib/python3.10/site-packages'
[28.893s] Level 1:colcon.colcon_core.environment:checking '/home/rocky/project_ws/install/sjtu_drone_description/bin'
[28.893s] INFO:colcon.colcon_core.shell:Creating package script '/home/rocky/project_ws/install/sjtu_drone_description/share/sjtu_drone_description/package.ps1'
[28.893s] INFO:colcon.colcon_core.shell:Creating package descriptor '/home/rocky/project_ws/install/sjtu_drone_description/share/sjtu_drone_description/package.dsv'
[28.893s] INFO:colcon.colcon_core.shell:Creating package script '/home/rocky/project_ws/install/sjtu_drone_description/share/sjtu_drone_description/package.sh'
[28.894s] INFO:colcon.colcon_core.shell:Creating package script '/home/rocky/project_ws/install/sjtu_drone_description/share/sjtu_drone_description/package.bash'
[28.894s] INFO:colcon.colcon_core.shell:Creating package script '/home/rocky/project_ws/install/sjtu_drone_description/share/sjtu_drone_description/package.zsh'
[28.894s] Level 1:colcon.colcon_core.environment:create_file_with_runtime_dependencies(/home/rocky/project_ws/install/sjtu_drone_description/share/colcon-core/packages/sjtu_drone_description)
[28.894s] Level 1:colcon.colcon_core.environment:create_environment_scripts_only(sjtu_drone_description)
[28.895s] Level 1:colcon.colcon_core.environment:checking '/home/rocky/project_ws/install/sjtu_drone_description' for CMake module files
[28.895s] Level 1:colcon.colcon_core.environment:checking '/home/rocky/project_ws/install/sjtu_drone_description' for CMake config files
[28.895s] Level 1:colcon.colcon_core.shell:create_environment_hook('sjtu_drone_description', 'cmake_prefix_path')
[28.895s] INFO:colcon.colcon_core.shell:Creating environment hook '/home/rocky/project_ws/install/sjtu_drone_description/share/sjtu_drone_description/hook/cmake_prefix_path.ps1'
[28.896s] INFO:colcon.colcon_core.shell:Creating environment descriptor '/home/rocky/project_ws/install/sjtu_drone_description/share/sjtu_drone_description/hook/cmake_prefix_path.dsv'
[28.896s] INFO:colcon.colcon_core.shell:Creating environment hook '/home/rocky/project_ws/install/sjtu_drone_description/share/sjtu_drone_description/hook/cmake_prefix_path.sh'
[28.896s] Level 1:colcon.colcon_core.environment:checking '/home/rocky/project_ws/install/sjtu_drone_description/lib'
[28.896s] Level 1:colcon.colcon_core.shell:create_environment_hook('sjtu_drone_description', 'ld_library_path_lib')
[28.897s] INFO:colcon.colcon_core.shell:Creating environment hook '/home/rocky/project_ws/install/sjtu_drone_description/share/sjtu_drone_description/hook/ld_library_path_lib.ps1'
[28.897s] INFO:colcon.colcon_core.shell:Creating environment descriptor '/home/rocky/project_ws/install/sjtu_drone_description/share/sjtu_drone_description/hook/ld_library_path_lib.dsv'
[28.897s] INFO:colcon.colcon_core.shell:Creating environment hook '/home/rocky/project_ws/install/sjtu_drone_description/share/sjtu_drone_description/hook/ld_library_path_lib.sh'
[28.898s] Level 1:colcon.colcon_core.environment:checking '/home/rocky/project_ws/install/sjtu_drone_description/bin'
[28.898s] Level 1:colcon.colcon_core.environment:checking '/home/rocky/project_ws/install/sjtu_drone_description/lib/pkgconfig/sjtu_drone_description.pc'
[28.898s] Level 1:colcon.colcon_core.environment:checking '/home/rocky/project_ws/install/sjtu_drone_description/lib/python3.10/site-packages'
[28.898s] Level 1:colcon.colcon_core.environment:checking '/home/rocky/project_ws/install/sjtu_drone_description/bin'
[28.898s] INFO:colcon.colcon_core.shell:Creating package script '/home/rocky/project_ws/install/sjtu_drone_description/share/sjtu_drone_description/package.ps1'
[28.899s] INFO:colcon.colcon_core.shell:Creating package descriptor '/home/rocky/project_ws/install/sjtu_drone_description/share/sjtu_drone_description/package.dsv'
[28.899s] INFO:colcon.colcon_core.shell:Creating package script '/home/rocky/project_ws/install/sjtu_drone_description/share/sjtu_drone_description/package.sh'
[28.899s] INFO:colcon.colcon_core.shell:Creating package script '/home/rocky/project_ws/install/sjtu_drone_description/share/sjtu_drone_description/package.bash'
[28.900s] INFO:colcon.colcon_core.shell:Creating package script '/home/rocky/project_ws/install/sjtu_drone_description/share/sjtu_drone_description/package.zsh'
[28.900s] Level 1:colcon.colcon_core.environment:create_file_with_runtime_dependencies(/home/rocky/project_ws/install/sjtu_drone_description/share/colcon-core/packages/sjtu_drone_description)
[28.900s] DEBUG:colcon.colcon_parallel_executor.executor.parallel:closing loop
[28.900s] DEBUG:colcon.colcon_parallel_executor.executor.parallel:loop closed
[28.900s] DEBUG:colcon.colcon_parallel_executor.executor.parallel:run_until_complete finished with '0'
[28.900s] DEBUG:colcon.colcon_core.event_reactor:joining thread
[28.905s] INFO:colcon.colcon_core.plugin_system:Skipping extension 'colcon_notification.desktop_notification.terminal_notifier': Not used on non-Darwin systems
[28.905s] INFO:colcon.colcon_core.plugin_system:Skipping extension 'colcon_notification.desktop_notification.win32': Not used on non-Windows systems
[28.905s] INFO:colcon.colcon_notification.desktop_notification:Sending desktop notification using 'notify2'
[28.915s] DEBUG:colcon.colcon_core.event_reactor:joined thread
[28.916s] INFO:colcon.colcon_core.shell:Creating prefix script '/home/rocky/project_ws/install/local_setup.ps1'
[28.916s] INFO:colcon.colcon_core.shell:Creating prefix util module '/home/rocky/project_ws/install/_local_setup_util_ps1.py'
[28.917s] INFO:colcon.colcon_core.shell:Creating prefix chain script '/home/rocky/project_ws/install/setup.ps1'
[28.918s] INFO:colcon.colcon_core.shell:Creating prefix script '/home/rocky/project_ws/install/local_setup.sh'
[28.918s] INFO:colcon.colcon_core.shell:Creating prefix util module '/home/rocky/project_ws/install/_local_setup_util_sh.py'
[28.918s] INFO:colcon.colcon_core.shell:Creating prefix chain script '/home/rocky/project_ws/install/setup.sh'
[28.919s] INFO:colcon.colcon_core.shell:Creating prefix script '/home/rocky/project_ws/install/local_setup.bash'
[28.919s] INFO:colcon.colcon_core.shell:Creating prefix chain script '/home/rocky/project_ws/install/setup.bash'
[28.920s] INFO:colcon.colcon_core.shell:Creating prefix script '/home/rocky/project_ws/install/local_setup.zsh'
[28.920s] INFO:colcon.colcon_core.shell:Creating prefix chain script '/home/rocky/project_ws/install/setup.zsh'
